-------------------------------------------------------------------------------
Test set: br.com.caixaseguradora.Sinistro.SinistroApplicationTests
-------------------------------------------------------------------------------
Tests run: 1, Failures: 0, Errors: 1, Skipped: 0, Time elapsed: 0.579 s <<< FAILURE! - in br.com.caixaseguradora.Sinistro.SinistroApplicationTests
initializationError(br.com.caixaseguradora.Sinistro.SinistroApplicationTests)  Time elapsed: 0.007 s  <<< ERROR!
java.lang.IllegalStateException: Unable to find a @SpringBootConfiguration, you need to use @ContextConfiguration or @SpringBootTest(classes=...) with your test

