<?xml version="1.0" encoding="UTF-8"?>
<testsuite xmlns:xsi="http://www.w3.org/2001/XMLSchema-instance" xsi:noNamespaceSchemaLocation="https://maven.apache.org/surefire/maven-surefire-plugin/xsd/surefire-test-report.xsd" name="br.com.caixaseguradora.Sinistro.SinistroApplicationTests" time="0.579" tests="1" errors="1" skipped="0" failures="0">
  <properties>
[...]
</properties>
  <testcase name="initializationError" classname="br.com.caixaseguradora.Sinistro.SinistroApplicationTests" time="0.007">
    <error message="Unable to find a @SpringBootConfiguration, you need to use @ContextConfiguration or @SpringBootTest(classes=...) with your test" type="java.lang.IllegalStateException">java.lang.IllegalStateException: Unable to find a @SpringBootConfiguration, you need to use @ContextConfiguration or @SpringBootTest(classes=...) with your test
</error>
    <system-out><![CDATA[19:44:20.977 [main] DEBUG org.springframework.test.context.junit4.SpringJUnit4ClassRunner - SpringJUnit4ClassRunner constructor called with [class br.com.caixaseguradora.Sinistro.SinistroApplicationTests]
19:44:20.985 [main] DEBUG org.springframework.test.context.BootstrapUtils - Instantiating CacheAwareContextLoaderDelegate from class [org.springframework.test.context.cache.DefaultCacheAwareContextLoaderDelegate]
19:44:20.996 [main] DEBUG org.springframework.test.context.BootstrapUtils - Instantiating BootstrapContext using constructor [public org.springframework.test.context.support.DefaultBootstrapContext(java.lang.Class,org.springframework.test.context.CacheAwareContextLoaderDelegate)]
19:44:21.026 [main] DEBUG org.springframework.test.context.BootstrapUtils - Instantiating TestContextBootstrapper for test class [br.com.caixaseguradora.Sinistro.SinistroApplicationTests] from class [org.springframework.boot.test.context.SpringBootTestContextBootstrapper]
19:44:21.061 [main] INFO org.springframework.boot.test.context.SpringBootTestContextBootstrapper - Neither @ContextConfiguration nor @ContextHierarchy found for test class [br.com.caixaseguradora.Sinistro.SinistroApplicationTests], using SpringBootContextLoader
19:44:21.066 [main] DEBUG org.springframework.test.context.support.AbstractContextLoader - Did not detect default resource location for test class [br.com.caixaseguradora.Sinistro.SinistroApplicationTests]: class path resource [br/com/caixaseguradora/Sinistro/SinistroApplicationTests-context.xml] does not exist
19:44:21.067 [main] DEBUG org.springframework.test.context.support.AbstractContextLoader - Did not detect default resource location for test class [br.com.caixaseguradora.Sinistro.SinistroApplicationTests]: class path resource [br/com/caixaseguradora/Sinistro/SinistroApplicationTestsContext.groovy] does not exist
19:44:21.067 [main] INFO org.springframework.test.context.support.AbstractContextLoader - Could not detect default resource locations for test class [br.com.caixaseguradora.Sinistro.SinistroApplicationTests]: no resource found for suffixes {-context.xml, Context.groovy}.
19:44:21.069 [main] INFO org.springframework.test.context.support.AnnotationConfigContextLoaderUtils - Could not detect default configuration classes for test class [br.com.caixaseguradora.Sinistro.SinistroApplicationTests]: SinistroApplicationTests does not declare any static, non-private, non-final, nested classes annotated with @Configuration.
19:44:21.132 [main] DEBUG org.springframework.test.context.support.ActiveProfilesUtils - Could not find an 'annotation declaring class' for annotation type [org.springframework.test.context.ActiveProfiles] and class [br.com.caixaseguradora.Sinistro.SinistroApplicationTests]
19:44:21.141 [main] DEBUG org.springframework.core.env.StandardEnvironment - Adding PropertySource 'systemProperties' with lowest search precedence
19:44:21.141 [main] DEBUG org.springframework.core.env.StandardEnvironment - Adding PropertySource 'systemEnvironment' with lowest search precedence
19:44:21.142 [main] DEBUG org.springframework.core.env.StandardEnvironment - Initialized StandardEnvironment with PropertySources [MapPropertySource@376416077 {name='systemProperties', properties={java.runtime.name=OpenJDK Runtime Environment, sun.boot.library.path=/usr/lib/jvm/java-8-openjdk-amd64/jre/lib/amd64, java.vm.version=25.171-b11, java.vm.vendor=Oracle Corporation, java.vendor.url=http://java.oracle.com/, path.separator=:, java.vm.name=OpenJDK 64-Bit Server VM, file.encoding.pkg=sun.io, user.country=BR, sun.java.launcher=SUN_STANDARD, sun.os.patch.level=unknown, java.vm.specification.name=Java Virtual Machine Specification, user.dir=/home/Danilo_Oliveira/Documentos/ProjetoCaixaSeg/Sinistro/Sinistro, java.runtime.version=1.8.0_171-8u171-b11-0ubuntu0.16.04.1-b11, basedir=/home/Danilo_Oliveira/Documentos/ProjetoCaixaSeg/Sinistro/Sinistro, java.awt.graphicsenv=sun.awt.X11GraphicsEnvironment, java.endorsed.dirs=/usr/lib/jvm/java-8-openjdk-amd64/jre/lib/endorsed, os.arch=amd64, surefire.real.class.path=/home/Danilo_Oliveira/Documentos/ProjetoCaixaSeg/Sinistro/Sinistro/target/surefire/surefirebooter8212634598448164839.jar, java.io.tmpdir=/tmp, line.separator=
, java.vm.specification.vendor=Oracle Corporation, os.name=Linux, sun.jnu.encoding=UTF-8, java.library.path=/usr/java/packages/lib/amd64:/usr/lib/x86_64-linux-gnu/jni:/lib/x86_64-linux-gnu:/usr/lib/x86_64-linux-gnu:/usr/lib/jni:/lib:/usr/lib, surefire.test.class.path=/home/Danilo_Oliveira/Documentos/ProjetoCaixaSeg/Sinistro/Sinistro/target/test-classes:/home/Danilo_Oliveira/Documentos/ProjetoCaixaSeg/Sinistro/Sinistro/target/classes:/home/Danilo_Oliveira/.m2/repository/org/springframework/boot/spring-boot-starter-jdbc/2.0.3.RELEASE/spring-boot-starter-jdbc-2.0.3.RELEASE.jar:/home/Danilo_Oliveira/.m2/repository/org/springframework/boot/spring-boot-starter/2.0.3.RELEASE/spring-boot-starter-2.0.3.RELEASE.jar:/home/Danilo_Oliveira/.m2/repository/org/springframework/boot/spring-boot-starter-logging/2.0.3.RELEASE/spring-boot-starter-logging-2.0.3.RELEASE.jar:/home/Danilo_Oliveira/.m2/repository/ch/qos/logback/logback-classic/1.2.3/logback-classic-1.2.3.jar:/home/Danilo_Oliveira/.m2/repository/ch/qos/logback/logback-core/1.2.3/logback-core-1.2.3.jar:/home/Danilo_Oliveira/.m2/repository/org/apache/logging/log4j/log4j-to-slf4j/2.10.0/log4j-to-slf4j-2.10.0.jar:/home/Danilo_Oliveira/.m2/repository/org/apache/logging/log4j/log4j-api/2.10.0/log4j-api-2.10.0.jar:/home/Danilo_Oliveira/.m2/repository/org/slf4j/jul-to-slf4j/1.7.25/jul-to-slf4j-1.7.25.jar:/home/Danilo_Oliveira/.m2/repository/org/yaml/snakeyaml/1.19/snakeyaml-1.19.jar:/home/Danilo_Oliveira/.m2/repository/com/zaxxer/HikariCP/2.7.9/HikariCP-2.7.9.jar:/home/Danilo_Oliveira/.m2/repository/org/slf4j/slf4j-api/1.7.25/slf4j-api-1.7.25.jar:/home/Danilo_Oliveira/.m2/repository/org/springframework/spring-jdbc/5.0.7.RELEASE/spring-jdbc-5.0.7.RELEASE.jar:/home/Danilo_Oliveira/.m2/repository/org/springframework/spring-beans/5.0.7.RELEASE/spring-beans-5.0.7.RELEASE.jar:/home/Danilo_Oliveira/.m2/repository/org/springframework/spring-tx/5.0.7.RELEASE/spring-tx-5.0.7.RELEASE.jar:/home/Danilo_Oliveira/.m2/repository/org/springframework/boot/spring-boot-starter-data-jpa/2.0.3.RELEASE/spring-boot-starter-data-jpa-2.0.3.RELEASE.jar:/home/Danilo_Oliveira/.m2/repository/org/springframework/boot/spring-boot-starter-aop/2.0.3.RELEASE/spring-boot-starter-aop-2.0.3.RELEASE.jar:/home/Danilo_Oliveira/.m2/repository/org/springframework/spring-aop/5.0.7.RELEASE/spring-aop-5.0.7.RELEASE.jar:/home/Danilo_Oliveira/.m2/repository/org/aspectj/aspectjweaver/1.8.13/aspectjweaver-1.8.13.jar:/home/Danilo_Oliveira/.m2/repository/org/hibernate/hibernate-core/5.2.17.Final/hibernate-core-5.2.17.Final.jar:/home/Danilo_Oliveira/.m2/repository/org/jboss/logging/jboss-logging/3.3.2.Final/jboss-logging-3.3.2.Final.jar:/home/Danilo_Oliveira/.m2/repository/org/hibernate/javax/persistence/hibernate-jpa-2.1-api/1.0.2.Final/hibernate-jpa-2.1-api-1.0.2.Final.jar:/home/Danilo_Oliveira/.m2/repository/org/javassist/javassist/3.22.0-GA/javassist-3.22.0-GA.jar:/home/Danilo_Oliveira/.m2/repository/antlr/antlr/2.7.7/antlr-2.7.7.jar:/home/Danilo_Oliveira/.m2/repository/org/jboss/jandex/2.0.3.Final/jandex-2.0.3.Final.jar:/home/Danilo_Oliveira/.m2/repository/com/fasterxml/classmate/1.3.4/classmate-1.3.4.jar:/home/Danilo_Oliveira/.m2/repository/dom4j/dom4j/1.6.1/dom4j-1.6.1.jar:/home/Danilo_Oliveira/.m2/repository/org/hibernate/common/hibernate-commons-annotations/5.0.1.Final/hibernate-commons-annotations-5.0.1.Final.jar:/home/Danilo_Oliveira/.m2/repository/javax/transaction/javax.transaction-api/1.2/javax.transaction-api-1.2.jar:/home/Danilo_Oliveira/.m2/repository/org/springframework/data/spring-data-jpa/2.0.8.RELEASE/spring-data-jpa-2.0.8.RELEASE.jar:/home/Danilo_Oliveira/.m2/repository/org/springframework/data/spring-data-commons/2.0.8.RELEASE/spring-data-commons-2.0.8.RELEASE.jar:/home/Danilo_Oliveira/.m2/repository/org/springframework/spring-orm/5.0.7.RELEASE/spring-orm-5.0.7.RELEASE.jar:/home/Danilo_Oliveira/.m2/repository/org/springframework/spring-aspects/5.0.7.RELEASE/spring-aspects-5.0.7.RELEASE.jar:/home/Danilo_Oliveira/.m2/repository/org/springframework/boot/spring-boot-starter-thymeleaf/2.0.3.RELEASE/spring-boot-starter-thymeleaf-2.0.3.RELEASE.jar:/home/Danilo_Oliveira/.m2/repository/org/thymeleaf/thymeleaf-spring5/3.0.9.RELEASE/thymeleaf-spring5-3.0.9.RELEASE.jar:/home/Danilo_Oliveira/.m2/repository/org/thymeleaf/thymeleaf/3.0.9.RELEASE/thymeleaf-3.0.9.RELEASE.jar:/home/Danilo_Oliveira/.m2/repository/org/attoparser/attoparser/2.0.4.RELEASE/attoparser-2.0.4.RELEASE.jar:/home/Danilo_Oliveira/.m2/repository/org/unbescape/unbescape/1.1.5.RELEASE/unbescape-1.1.5.RELEASE.jar:/home/Danilo_Oliveira/.m2/repository/org/thymeleaf/extras/thymeleaf-extras-java8time/3.0.1.RELEASE/thymeleaf-extras-java8time-3.0.1.RELEASE.jar:/home/Danilo_Oliveira/.m2/repository/org/springframework/boot/spring-boot-starter-web/2.0.3.RELEASE/spring-boot-starter-web-2.0.3.RELEASE.jar:/home/Danilo_Oliveira/.m2/repository/org/springframework/boot/spring-boot-starter-json/2.0.3.RELEASE/spring-boot-starter-json-2.0.3.RELEASE.jar:/home/Danilo_Oliveira/.m2/repository/com/fasterxml/jackson/core/jackson-databind/2.9.6/jackson-databind-2.9.6.jar:/home/Danilo_Oliveira/.m2/repository/com/fasterxml/jackson/core/jackson-annotations/2.9.0/jackson-annotations-2.9.0.jar:/home/Danilo_Oliveira/.m2/repository/com/fasterxml/jackson/core/jackson-core/2.9.6/jackson-core-2.9.6.jar:/home/Danilo_Oliveira/.m2/repository/com/fasterxml/jackson/datatype/jackson-datatype-jdk8/2.9.6/jackson-datatype-jdk8-2.9.6.jar:/home/Danilo_Oliveira/.m2/repository/com/fasterxml/jackson/datatype/jackson-datatype-jsr310/2.9.6/jackson-datatype-jsr310-2.9.6.jar:/home/Danilo_Oliveira/.m2/repository/com/fasterxml/jackson/module/jackson-module-parameter-names/2.9.6/jackson-module-parameter-names-2.9.6.jar:/home/Danilo_Oliveira/.m2/repository/org/hibernate/validator/hibernate-validator/6.0.10.Final/hibernate-validator-6.0.10.Final.jar:/home/Danilo_Oliveira/.m2/repository/javax/validation/validation-api/2.0.1.Final/validation-api-2.0.1.Final.jar:/home/Danilo_Oliveira/.m2/repository/org/springframework/spring-web/5.0.7.RELEASE/spring-web-5.0.7.RELEASE.jar:/home/Danilo_Oliveira/.m2/repository/org/springframework/spring-webmvc/5.0.7.RELEASE/spring-webmvc-5.0.7.RELEASE.jar:/home/Danilo_Oliveira/.m2/repository/org/springframework/spring-expression/5.0.7.RELEASE/spring-expression-5.0.7.RELEASE.jar:/home/Danilo_Oliveira/.m2/repository/org/springframework/boot/spring-boot-starter-test/2.0.3.RELEASE/spring-boot-starter-test-2.0.3.RELEASE.jar:/home/Danilo_Oliveira/.m2/repository/org/springframework/boot/spring-boot-test/2.0.3.RELEASE/spring-boot-test-2.0.3.RELEASE.jar:/home/Danilo_Oliveira/.m2/repository/org/springframework/boot/spring-boot-test-autoconfigure/2.0.3.RELEASE/spring-boot-test-autoconfigure-2.0.3.RELEASE.jar:/home/Danilo_Oliveira/.m2/repository/com/jayway/jsonpath/json-path/2.4.0/json-path-2.4.0.jar:/home/Danilo_Oliveira/.m2/repository/net/minidev/json-smart/2.3/json-smart-2.3.jar:/home/Danilo_Oliveira/.m2/repository/net/minidev/accessors-smart/1.2/accessors-smart-1.2.jar:/home/Danilo_Oliveira/.m2/repository/org/ow2/asm/asm/5.0.4/asm-5.0.4.jar:/home/Danilo_Oliveira/.m2/repository/junit/junit/4.12/junit-4.12.jar:/home/Danilo_Oliveira/.m2/repository/org/assertj/assertj-core/3.9.1/assertj-core-3.9.1.jar:/home/Danilo_Oliveira/.m2/repository/org/mockito/mockito-core/2.15.0/mockito-core-2.15.0.jar:/home/Danilo_Oliveira/.m2/repository/net/bytebuddy/byte-buddy/1.7.11/byte-buddy-1.7.11.jar:/home/Danilo_Oliveira/.m2/repository/net/bytebuddy/byte-buddy-agent/1.7.11/byte-buddy-agent-1.7.11.jar:/home/Danilo_Oliveira/.m2/repository/org/objenesis/objenesis/2.6/objenesis-2.6.jar:/home/Danilo_Oliveira/.m2/repository/org/hamcrest/hamcrest-core/1.3/hamcrest-core-1.3.jar:/home/Danilo_Oliveira/.m2/repository/org/hamcrest/hamcrest-library/1.3/hamcrest-library-1.3.jar:/home/Danilo_Oliveira/.m2/repository/org/skyscreamer/jsonassert/1.5.0/jsonassert-1.5.0.jar:/home/Danilo_Oliveira/.m2/repository/com/vaadin/external/google/android-json/0.0.20131108.vaadin1/android-json-0.0.20131108.vaadin1.jar:/home/Danilo_Oliveira/.m2/repository/org/springframework/spring-core/5.0.7.RELEASE/spring-core-5.0.7.RELEASE.jar:/home/Danilo_Oliveira/.m2/repository/org/springframework/spring-jcl/5.0.7.RELEASE/spring-jcl-5.0.7.RELEASE.jar:/home/Danilo_Oliveira/.m2/repository/org/springframework/spring-test/5.0.7.RELEASE/spring-test-5.0.7.RELEASE.jar:/home/Danilo_Oliveira/.m2/repository/org/xmlunit/xmlunit-core/2.5.1/xmlunit-core-2.5.1.jar:/home/Danilo_Oliveira/.m2/repository/com/h2database/h2/1.4.197/h2-1.4.197.jar:/home/Danilo_Oliveira/.m2/repository/org/springframework/boot/spring-boot-starter-tomcat/2.0.3.RELEASE/spring-boot-starter-tomcat-2.0.3.RELEASE.jar:/home/Danilo_Oliveira/.m2/repository/javax/annotation/javax.annotation-api/1.3.2/javax.annotation-api-1.3.2.jar:/home/Danilo_Oliveira/.m2/repository/org/apache/tomcat/embed/tomcat-embed-core/8.5.31/tomcat-embed-core-8.5.31.jar:/home/Danilo_Oliveira/.m2/repository/org/apache/tomcat/embed/tomcat-embed-el/8.5.31/tomcat-embed-el-8.5.31.jar:/home/Danilo_Oliveira/.m2/repository/org/apache/tomcat/embed/tomcat-embed-websocket/8.5.31/tomcat-embed-websocket-8.5.31.jar:/home/Danilo_Oliveira/.m2/repository/org/springframework/boot/spring-boot-devtools/2.0.3.RELEASE/spring-boot-devtools-2.0.3.RELEASE.jar:/home/Danilo_Oliveira/.m2/repository/org/springframework/boot/spring-boot/2.0.3.RELEASE/spring-boot-2.0.3.RELEASE.jar:/home/Danilo_Oliveira/.m2/repository/org/springframework/boot/spring-boot-autoconfigure/2.0.3.RELEASE/spring-boot-autoconfigure-2.0.3.RELEASE.jar:/home/Danilo_Oliveira/.m2/repository/org/springframework/boot/spring-boot-starter-mail/2.0.3.RELEASE/spring-boot-starter-mail-2.0.3.RELEASE.jar:/home/Danilo_Oliveira/.m2/repository/org/springframework/spring-context/5.0.7.RELEASE/spring-context-5.0.7.RELEASE.jar:/home/Danilo_Oliveira/.m2/repository/org/springframework/spring-context-support/5.0.7.RELEASE/spring-context-support-5.0.7.RELEASE.jar:/home/Danilo_Oliveira/.m2/repository/com/sun/mail/javax.mail/1.6.1/javax.mail-1.6.1.jar:/home/Danilo_Oliveira/.m2/repository/com/microsoft/ews-java-api/ews-java-api/2.0/ews-java-api-2.0.jar:/home/Danilo_Oliveira/.m2/repository/org/apache/httpcomponents/httpclient/4.5.5/httpclient-4.5.5.jar:/home/Danilo_Oliveira/.m2/repository/commons-codec/commons-codec/1.11/commons-codec-1.11.jar:/home/Danilo_Oliveira/.m2/repository/org/apache/httpcomponents/httpcore/4.4.9/httpcore-4.4.9.jar:/home/Danilo_Oliveira/.m2/repository/commons-logging/commons-logging/1.2/commons-logging-1.2.jar:/home/Danilo_Oliveira/.m2/repository/org/apache/commons/commons-lang3/3.7/commons-lang3-3.7.jar:/home/Danilo_Oliveira/.m2/repository/joda-time/joda-time/2.9.9/joda-time-2.9.9.jar:/home/Danilo_Oliveira/.m2/repository/javax/activation/activation/1.1/activation-1.1.jar:/home/Danilo_Oliveira/.m2/repository/org/springframework/boot/spring-boot-configuration-processor/2.0.3.RELEASE/spring-boot-configuration-processor-2.0.3.RELEASE.jar:/home/Danilo_Oliveira/.m2/repository/org/webjars/jquery/3.3.1-1/jquery-3.3.1-1.jar:/home/Danilo_Oliveira/.m2/repository/org/webjars/bootstrap/3.3.7/bootstrap-3.3.7.jar:, java.specification.name=Java Platform API Specification, java.class.version=52.0, sun.management.compiler=HotSpot 64-Bit Tiered Compilers, os.version=4.15.0-29-generic, user.home=/home/Danilo_Oliveira, user.timezone=America/Sao_Paulo, java.awt.printerjob=sun.print.PSPrinterJob, file.encoding=UTF-8, java.specification.version=1.8, java.class.path=/home/Danilo_Oliveira/Documentos/ProjetoCaixaSeg/Sinistro/Sinistro/target/test-classes:/home/Danilo_Oliveira/Documentos/ProjetoCaixaSeg/Sinistro/Sinistro/target/classes:/home/Danilo_Oliveira/.m2/repository/org/springframework/boot/spring-boot-starter-jdbc/2.0.3.RELEASE/spring-boot-starter-jdbc-2.0.3.RELEASE.jar:/home/Danilo_Oliveira/.m2/repository/org/springframework/boot/spring-boot-starter/2.0.3.RELEASE/spring-boot-starter-2.0.3.RELEASE.jar:/home/Danilo_Oliveira/.m2/repository/org/springframework/boot/spring-boot-starter-logging/2.0.3.RELEASE/spring-boot-starter-logging-2.0.3.RELEASE.jar:/home/Danilo_Oliveira/.m2/repository/ch/qos/logback/logback-classic/1.2.3/logback-classic-1.2.3.jar:/home/Danilo_Oliveira/.m2/repository/ch/qos/logback/logback-core/1.2.3/logback-core-1.2.3.jar:/home/Danilo_Oliveira/.m2/repository/org/apache/logging/log4j/log4j-to-slf4j/2.10.0/log4j-to-slf4j-2.10.0.jar:/home/Danilo_Oliveira/.m2/repository/org/apache/logging/log4j/log4j-api/2.10.0/log4j-api-2.10.0.jar:/home/Danilo_Oliveira/.m2/repository/org/slf4j/jul-to-slf4j/1.7.25/jul-to-slf4j-1.7.25.jar:/home/Danilo_Oliveira/.m2/repository/org/yaml/snakeyaml/1.19/snakeyaml-1.19.jar:/home/Danilo_Oliveira/.m2/repository/com/zaxxer/HikariCP/2.7.9/HikariCP-2.7.9.jar:/home/Danilo_Oliveira/.m2/repository/org/slf4j/slf4j-api/1.7.25/slf4j-api-1.7.25.jar:/home/Danilo_Oliveira/.m2/repository/org/springframework/spring-jdbc/5.0.7.RELEASE/spring-jdbc-5.0.7.RELEASE.jar:/home/Danilo_Oliveira/.m2/repository/org/springframework/spring-beans/5.0.7.RELEASE/spring-beans-5.0.7.RELEASE.jar:/home/Danilo_Oliveira/.m2/repository/org/springframework/spring-tx/5.0.7.RELEASE/spring-tx-5.0.7.RELEASE.jar:/home/Danilo_Oliveira/.m2/repository/org/springframework/boot/spring-boot-starter-data-jpa/2.0.3.RELEASE/spring-boot-starter-data-jpa-2.0.3.RELEASE.jar:/home/Danilo_Oliveira/.m2/repository/org/springframework/boot/spring-boot-starter-aop/2.0.3.RELEASE/spring-boot-starter-aop-2.0.3.RELEASE.jar:/home/Danilo_Oliveira/.m2/repository/org/springframework/spring-aop/5.0.7.RELEASE/spring-aop-5.0.7.RELEASE.jar:/home/Danilo_Oliveira/.m2/repository/org/aspectj/aspectjweaver/1.8.13/aspectjweaver-1.8.13.jar:/home/Danilo_Oliveira/.m2/repository/org/hibernate/hibernate-core/5.2.17.Final/hibernate-core-5.2.17.Final.jar:/home/Danilo_Oliveira/.m2/repository/org/jboss/logging/jboss-logging/3.3.2.Final/jboss-logging-3.3.2.Final.jar:/home/Danilo_Oliveira/.m2/repository/org/hibernate/javax/persistence/hibernate-jpa-2.1-api/1.0.2.Final/hibernate-jpa-2.1-api-1.0.2.Final.jar:/home/Danilo_Oliveira/.m2/repository/org/javassist/javassist/3.22.0-GA/javassist-3.22.0-GA.jar:/home/Danilo_Oliveira/.m2/repository/antlr/antlr/2.7.7/antlr-2.7.7.jar:/home/Danilo_Oliveira/.m2/repository/org/jboss/jandex/2.0.3.Final/jandex-2.0.3.Final.jar:/home/Danilo_Oliveira/.m2/repository/com/fasterxml/classmate/1.3.4/classmate-1.3.4.jar:/home/Danilo_Oliveira/.m2/repository/dom4j/dom4j/1.6.1/dom4j-1.6.1.jar:/home/Danilo_Oliveira/.m2/repository/org/hibernate/common/hibernate-commons-annotations/5.0.1.Final/hibernate-commons-annotations-5.0.1.Final.jar:/home/Danilo_Oliveira/.m2/repository/javax/transaction/javax.transaction-api/1.2/javax.transaction-api-1.2.jar:/home/Danilo_Oliveira/.m2/repository/org/springframework/data/spring-data-jpa/2.0.8.RELEASE/spring-data-jpa-2.0.8.RELEASE.jar:/home/Danilo_Oliveira/.m2/repository/org/springframework/data/spring-data-commons/2.0.8.RELEASE/spring-data-commons-2.0.8.RELEASE.jar:/home/Danilo_Oliveira/.m2/repository/org/springframework/spring-orm/5.0.7.RELEASE/spring-orm-5.0.7.RELEASE.jar:/home/Danilo_Oliveira/.m2/repository/org/springframework/spring-aspects/5.0.7.RELEASE/spring-aspects-5.0.7.RELEASE.jar:/home/Danilo_Oliveira/.m2/repository/org/springframework/boot/spring-boot-starter-thymeleaf/2.0.3.RELEASE/spring-boot-starter-thymeleaf-2.0.3.RELEASE.jar:/home/Danilo_Oliveira/.m2/repository/org/thymeleaf/thymeleaf-spring5/3.0.9.RELEASE/thymeleaf-spring5-3.0.9.RELEASE.jar:/home/Danilo_Oliveira/.m2/repository/org/thymeleaf/thymeleaf/3.0.9.RELEASE/thymeleaf-3.0.9.RELEASE.jar:/home/Danilo_Oliveira/.m2/repository/org/attoparser/attoparser/2.0.4.RELEASE/attoparser-2.0.4.RELEASE.jar:/home/Danilo_Oliveira/.m2/repository/org/unbescape/unbescape/1.1.5.RELEASE/unbescape-1.1.5.RELEASE.jar:/home/Danilo_Oliveira/.m2/repository/org/thymeleaf/extras/thymeleaf-extras-java8time/3.0.1.RELEASE/thymeleaf-extras-java8time-3.0.1.RELEASE.jar:/home/Danilo_Oliveira/.m2/repository/org/springframework/boot/spring-boot-starter-web/2.0.3.RELEASE/spring-boot-starter-web-2.0.3.RELEASE.jar:/home/Danilo_Oliveira/.m2/repository/org/springframework/boot/spring-boot-starter-json/2.0.3.RELEASE/spring-boot-starter-json-2.0.3.RELEASE.jar:/home/Danilo_Oliveira/.m2/repository/com/fasterxml/jackson/core/jackson-databind/2.9.6/jackson-databind-2.9.6.jar:/home/Danilo_Oliveira/.m2/repository/com/fasterxml/jackson/core/jackson-annotations/2.9.0/jackson-annotations-2.9.0.jar:/home/Danilo_Oliveira/.m2/repository/com/fasterxml/jackson/core/jackson-core/2.9.6/jackson-core-2.9.6.jar:/home/Danilo_Oliveira/.m2/repository/com/fasterxml/jackson/datatype/jackson-datatype-jdk8/2.9.6/jackson-datatype-jdk8-2.9.6.jar:/home/Danilo_Oliveira/.m2/repository/com/fasterxml/jackson/datatype/jackson-datatype-jsr310/2.9.6/jackson-datatype-jsr310-2.9.6.jar:/home/Danilo_Oliveira/.m2/repository/com/fasterxml/jackson/module/jackson-module-parameter-names/2.9.6/jackson-module-parameter-names-2.9.6.jar:/home/Danilo_Oliveira/.m2/repository/org/hibernate/validator/hibernate-validator/6.0.10.Final/hibernate-validator-6.0.10.Final.jar:/home/Danilo_Oliveira/.m2/repository/javax/validation/validation-api/2.0.1.Final/validation-api-2.0.1.Final.jar:/home/Danilo_Oliveira/.m2/repository/org/springframework/spring-web/5.0.7.RELEASE/spring-web-5.0.7.RELEASE.jar:/home/Danilo_Oliveira/.m2/repository/org/springframework/spring-webmvc/5.0.7.RELEASE/spring-webmvc-5.0.7.RELEASE.jar:/home/Danilo_Oliveira/.m2/repository/org/springframework/spring-expression/5.0.7.RELEASE/spring-expression-5.0.7.RELEASE.jar:/home/Danilo_Oliveira/.m2/repository/org/springframework/boot/spring-boot-starter-test/2.0.3.RELEASE/spring-boot-starter-test-2.0.3.RELEASE.jar:/home/Danilo_Oliveira/.m2/repository/org/springframework/boot/spring-boot-test/2.0.3.RELEASE/spring-boot-test-2.0.3.RELEASE.jar:/home/Danilo_Oliveira/.m2/repository/org/springframework/boot/spring-boot-test-autoconfigure/2.0.3.RELEASE/spring-boot-test-autoconfigure-2.0.3.RELEASE.jar:/home/Danilo_Oliveira/.m2/repository/com/jayway/jsonpath/json-path/2.4.0/json-path-2.4.0.jar:/home/Danilo_Oliveira/.m2/repository/net/minidev/json-smart/2.3/json-smart-2.3.jar:/home/Danilo_Oliveira/.m2/repository/net/minidev/accessors-smart/1.2/accessors-smart-1.2.jar:/home/Danilo_Oliveira/.m2/repository/org/ow2/asm/asm/5.0.4/asm-5.0.4.jar:/home/Danilo_Oliveira/.m2/repository/junit/junit/4.12/junit-4.12.jar:/home/Danilo_Oliveira/.m2/repository/org/assertj/assertj-core/3.9.1/assertj-core-3.9.1.jar:/home/Danilo_Oliveira/.m2/repository/org/mockito/mockito-core/2.15.0/mockito-core-2.15.0.jar:/home/Danilo_Oliveira/.m2/repository/net/bytebuddy/byte-buddy/1.7.11/byte-buddy-1.7.11.jar:/home/Danilo_Oliveira/.m2/repository/net/bytebuddy/byte-buddy-agent/1.7.11/byte-buddy-agent-1.7.11.jar:/home/Danilo_Oliveira/.m2/repository/org/objenesis/objenesis/2.6/objenesis-2.6.jar:/home/Danilo_Oliveira/.m2/repository/org/hamcrest/hamcrest-core/1.3/hamcrest-core-1.3.jar:/home/Danilo_Oliveira/.m2/repository/org/hamcrest/hamcrest-library/1.3/hamcrest-library-1.3.jar:/home/Danilo_Oliveira/.m2/repository/org/skyscreamer/jsonassert/1.5.0/jsonassert-1.5.0.jar:/home/Danilo_Oliveira/.m2/repository/com/vaadin/external/google/android-json/0.0.20131108.vaadin1/android-json-0.0.20131108.vaadin1.jar:/home/Danilo_Oliveira/.m2/repository/org/springframework/spring-core/5.0.7.RELEASE/spring-core-5.0.7.RELEASE.jar:/home/Danilo_Oliveira/.m2/repository/org/springframework/spring-jcl/5.0.7.RELEASE/spring-jcl-5.0.7.RELEASE.jar:/home/Danilo_Oliveira/.m2/repository/org/springframework/spring-test/5.0.7.RELEASE/spring-test-5.0.7.RELEASE.jar:/home/Danilo_Oliveira/.m2/repository/org/xmlunit/xmlunit-core/2.5.1/xmlunit-core-2.5.1.jar:/home/Danilo_Oliveira/.m2/repository/com/h2database/h2/1.4.197/h2-1.4.197.jar:/home/Danilo_Oliveira/.m2/repository/org/springframework/boot/spring-boot-starter-tomcat/2.0.3.RELEASE/spring-boot-starter-tomcat-2.0.3.RELEASE.jar:/home/Danilo_Oliveira/.m2/repository/javax/annotation/javax.annotation-api/1.3.2/javax.annotation-api-1.3.2.jar:/home/Danilo_Oliveira/.m2/repository/org/apache/tomcat/embed/tomcat-embed-core/8.5.31/tomcat-embed-core-8.5.31.jar:/home/Danilo_Oliveira/.m2/repository/org/apache/tomcat/embed/tomcat-embed-el/8.5.31/tomcat-embed-el-8.5.31.jar:/home/Danilo_Oliveira/.m2/repository/org/apache/tomcat/embed/tomcat-embed-websocket/8.5.31/tomcat-embed-websocket-8.5.31.jar:/home/Danilo_Oliveira/.m2/repository/org/springframework/boot/spring-boot-devtools/2.0.3.RELEASE/spring-boot-devtools-2.0.3.RELEASE.jar:/home/Danilo_Oliveira/.m2/repository/org/springframework/boot/spring-boot/2.0.3.RELEASE/spring-boot-2.0.3.RELEASE.jar:/home/Danilo_Oliveira/.m2/repository/org/springframework/boot/spring-boot-autoconfigure/2.0.3.RELEASE/spring-boot-autoconfigure-2.0.3.RELEASE.jar:/home/Danilo_Oliveira/.m2/repository/org/springframework/boot/spring-boot-starter-mail/2.0.3.RELEASE/spring-boot-starter-mail-2.0.3.RELEASE.jar:/home/Danilo_Oliveira/.m2/repository/org/springframework/spring-context/5.0.7.RELEASE/spring-context-5.0.7.RELEASE.jar:/home/Danilo_Oliveira/.m2/repository/org/springframework/spring-context-support/5.0.7.RELEASE/spring-context-support-5.0.7.RELEASE.jar:/home/Danilo_Oliveira/.m2/repository/com/sun/mail/javax.mail/1.6.1/javax.mail-1.6.1.jar:/home/Danilo_Oliveira/.m2/repository/com/microsoft/ews-java-api/ews-java-api/2.0/ews-java-api-2.0.jar:/home/Danilo_Oliveira/.m2/repository/org/apache/httpcomponents/httpclient/4.5.5/httpclient-4.5.5.jar:/home/Danilo_Oliveira/.m2/repository/commons-codec/commons-codec/1.11/commons-codec-1.11.jar:/home/Danilo_Oliveira/.m2/repository/org/apache/httpcomponents/httpcore/4.4.9/httpcore-4.4.9.jar:/home/Danilo_Oliveira/.m2/repository/commons-logging/commons-logging/1.2/commons-logging-1.2.jar:/home/Danilo_Oliveira/.m2/repository/org/apache/commons/commons-lang3/3.7/commons-lang3-3.7.jar:/home/Danilo_Oliveira/.m2/repository/joda-time/joda-time/2.9.9/joda-time-2.9.9.jar:/home/Danilo_Oliveira/.m2/repository/javax/activation/activation/1.1/activation-1.1.jar:/home/Danilo_Oliveira/.m2/repository/org/springframework/boot/spring-boot-configuration-processor/2.0.3.RELEASE/spring-boot-configuration-processor-2.0.3.RELEASE.jar:/home/Danilo_Oliveira/.m2/repository/org/webjars/jquery/3.3.1-1/jquery-3.3.1-1.jar:/home/Danilo_Oliveira/.m2/repository/org/webjars/bootstrap/3.3.7/bootstrap-3.3.7.jar:, user.name=Danilo_Oliveira, java.vm.specification.version=1.8, sun.java.command=/home/Danilo_Oliveira/Documentos/ProjetoCaixaSeg/Sinistro/Sinistro/target/surefire/surefirebooter8212634598448164839.jar /home/Danilo_Oliveira/Documentos/ProjetoCaixaSeg/Sinistro/Sinistro/target/surefire 2018-08-04T19-44-19_591-jvmRun1 surefire2553203711349109245tmp surefire_05158267380727163371tmp, java.home=/usr/lib/jvm/java-8-openjdk-amd64/jre, sun.arch.data.model=64, user.language=pt, java.specification.vendor=Oracle Corporation, awt.toolkit=sun.awt.X11.XToolkit, java.vm.info=mixed mode, java.version=1.8.0_171, java.ext.dirs=/usr/lib/jvm/java-8-openjdk-amd64/jre/lib/ext:/usr/java/packages/lib/ext, sun.boot.class.path=/usr/lib/jvm/java-8-openjdk-amd64/jre/lib/resources.jar:/usr/lib/jvm/java-8-openjdk-amd64/jre/lib/rt.jar:/usr/lib/jvm/java-8-openjdk-amd64/jre/lib/sunrsasign.jar:/usr/lib/jvm/java-8-openjdk-amd64/jre/lib/jsse.jar:/usr/lib/jvm/java-8-openjdk-amd64/jre/lib/jce.jar:/usr/lib/jvm/java-8-openjdk-amd64/jre/lib/charsets.jar:/usr/lib/jvm/java-8-openjdk-amd64/jre/lib/jfr.jar:/usr/lib/jvm/java-8-openjdk-amd64/jre/classes, java.vendor=Oracle Corporation, localRepository=/home/Danilo_Oliveira/.m2/repository, file.separator=/, java.vendor.url.bug=http://bugreport.sun.com/bugreport/, sun.io.unicode.encoding=UnicodeLittle, sun.cpu.endian=little, sun.desktop=gnome, sun.cpu.isalist=}}, SystemEnvironmentPropertySource@1089504328 {name='systemEnvironment', properties={PATH=/home/Danilo_Oliveira/.local/share/umake/bin:/home/Danilo_Oliveira/bin:/home/Danilo_Oliveira/.local/bin:/usr/local/sbin:/usr/local/bin:/usr/sbin:/usr/bin:/sbin:/bin:/usr/games:/usr/local/games:/snap/bin, XAUTHORITY=/home/Danilo_Oliveira/.Xauthority, XMODIFIERS=@im=ibus, XDG_DATA_DIRS=/usr/share/ubuntu:/usr/share/gnome:/usr/local/share:/usr/share:/var/lib/snapd/desktop, GDMSESSION=ubuntu, MANDATORY_PATH=/usr/share/gconf/ubuntu.mandatory.path, GTK_IM_MODULE=ibus, DBUS_SESSION_BUS_ADDRESS=unix:abstract=/tmp/dbus-CsXV8GEVtG, ANDROID_HOME=/home/Danilo_Oliveira/.local/share/umake/android/android-studio, DEFAULTS_PATH=/usr/share/gconf/ubuntu.default.path, XDG_CURRENT_DESKTOP=Unity, UPSTART_SESSION=unix:abstract=/com/ubuntu/upstart-session/1001/1489, QT4_IM_MODULE=xim, SESSION_MANAGER=local/notebook:@/tmp/.ICE-unix/1910,unix/notebook:/tmp/.ICE-unix/1910, QT_LINUX_ACCESSIBILITY_ALWAYS_ON=1, LOGNAME=Danilo_Oliveira, JOB=unity-settings-daemon, PWD=/home/Danilo_Oliveira/Documentos/ProjetoCaixaSeg/Sinistro/Sinistro, IM_CONFIG_PHASE=1, LANGUAGE=pt_BR:pt:en, SHELL=/bin/bash, UNITY_HAS_3D_SUPPORT=true, GIO_LAUNCHED_DESKTOP_FILE=/home/Danilo_Oliveira/.local/share/applications/spring_tool_suite.desktop, GTK2_MODULES=overlay-scrollbar, INSTANCE=, OLDPWD=/home/Danilo_Oliveira/Documentos/ProjetoCaixaSeg/Sinistro/Sinistro, GNOME_DESKTOP_SESSION_ID=this-is-deprecated, UPSTART_INSTANCE=, GTK_MODULES=gail:atk-bridge:unity-gtk-module, CLUTTER_IM_MODULE=xim, XDG_SESSION_PATH=/org/freedesktop/DisplayManager/Session0, COMPIZ_BIN_PATH=/usr/bin/, SESSIONTYPE=gnome-session, XDG_SESSION_DESKTOP=ubuntu, SHLVL=0, COMPIZ_CONFIG_PROFILE=ubuntu, QT_IM_MODULE=ibus, UPSTART_JOB=unity7, JAVA_HOME=/usr/lib/jvm/java-7-openjdk-amd64, XDG_CONFIG_DIRS=/etc/xdg/xdg-ubuntu:/usr/share/upstart/xdg:/etc/xdg, LANG=pt_BR.UTF-8, GNOME_KEYRING_CONTROL=, XDG_SEAT_PATH=/org/freedesktop/DisplayManager/Seat0, XDG_SESSION_ID=c2, XDG_SESSION_TYPE=x11, DISPLAY=:0, UNITY_DEFAULT_PROFILE=unity, ANDROID_SDK=/home/Danilo_Oliveira/.local/share/umake/android/android-studio, GDM_LANG=pt_BR, XDG_GREETER_DATA_DIR=/var/lib/lightdm-data/Danilo_Oliveira, UPSTART_EVENTS=xsession started, GPG_AGENT_INFO=/home/Danilo_Oliveira/.gnupg/S.gpg-agent:0:1, DESKTOP_SESSION=ubuntu, SESSION=ubuntu, USER=Danilo_Oliveira, XDG_MENU_PREFIX=gnome-, GIO_LAUNCHED_DESKTOP_FILE_PID=7836, QT_ACCESSIBILITY=1, SSH_AUTH_SOCK=/run/user/1001/keyring/ssh, XDG_SEAT=seat0, QT_QPA_PLATFORMTHEME=appmenu-qt5, XDG_VTNR=7, XDG_RUNTIME_DIR=/run/user/1001, HOME=/home/Danilo_Oliveira, GNOME_KEYRING_PID=}}]
19:44:21.161 [main] DEBUG org.springframework.core.io.support.PathMatchingResourcePatternResolver - Resolved classpath location [br/com/caixaseguradora/Sinistro/] to resources [URL [file:/home/Danilo_Oliveira/Documentos/ProjetoCaixaSeg/Sinistro/Sinistro/target/test-classes/br/com/caixaseguradora/Sinistro/]]
19:44:21.162 [main] DEBUG org.springframework.core.io.support.PathMatchingResourcePatternResolver - Looking for matching resources in directory tree [/home/Danilo_Oliveira/Documentos/ProjetoCaixaSeg/Sinistro/Sinistro/target/test-classes/br/com/caixaseguradora/Sinistro]
19:44:21.162 [main] DEBUG org.springframework.core.io.support.PathMatchingResourcePatternResolver - Searching directory [/home/Danilo_Oliveira/Documentos/ProjetoCaixaSeg/Sinistro/Sinistro/target/test-classes/br/com/caixaseguradora/Sinistro] for files matching pattern [/home/Danilo_Oliveira/Documentos/ProjetoCaixaSeg/Sinistro/Sinistro/target/test-classes/br/com/caixaseguradora/Sinistro/*.class]
19:44:21.167 [main] DEBUG org.springframework.core.io.support.PathMatchingResourcePatternResolver - Resolved location pattern [classpath*:br/com/caixaseguradora/Sinistro/*.class] to resources [file [/home/Danilo_Oliveira/Documentos/ProjetoCaixaSeg/Sinistro/Sinistro/target/test-classes/br/com/caixaseguradora/Sinistro/SinistroApplicationTests.class]]
19:44:21.203 [main] DEBUG org.springframework.core.io.support.PathMatchingResourcePatternResolver - Resolved classpath location [br/com/caixaseguradora/] to resources [URL [file:/home/Danilo_Oliveira/Documentos/ProjetoCaixaSeg/Sinistro/Sinistro/target/test-classes/br/com/caixaseguradora/], URL [file:/home/Danilo_Oliveira/Documentos/ProjetoCaixaSeg/Sinistro/Sinistro/target/classes/br/com/caixaseguradora/]]
19:44:21.203 [main] DEBUG org.springframework.core.io.support.PathMatchingResourcePatternResolver - Looking for matching resources in directory tree [/home/Danilo_Oliveira/Documentos/ProjetoCaixaSeg/Sinistro/Sinistro/target/test-classes/br/com/caixaseguradora]
19:44:21.203 [main] DEBUG org.springframework.core.io.support.PathMatchingResourcePatternResolver - Searching directory [/home/Danilo_Oliveira/Documentos/ProjetoCaixaSeg/Sinistro/Sinistro/target/test-classes/br/com/caixaseguradora] for files matching pattern [/home/Danilo_Oliveira/Documentos/ProjetoCaixaSeg/Sinistro/Sinistro/target/test-classes/br/com/caixaseguradora/*.class]
19:44:21.204 [main] DEBUG org.springframework.core.io.support.PathMatchingResourcePatternResolver - Looking for matching resources in directory tree [/home/Danilo_Oliveira/Documentos/ProjetoCaixaSeg/Sinistro/Sinistro/target/classes/br/com/caixaseguradora]
19:44:21.205 [main] DEBUG org.springframework.core.io.support.PathMatchingResourcePatternResolver - Searching directory [/home/Danilo_Oliveira/Documentos/ProjetoCaixaSeg/Sinistro/Sinistro/target/classes/br/com/caixaseguradora] for files matching pattern [/home/Danilo_Oliveira/Documentos/ProjetoCaixaSeg/Sinistro/Sinistro/target/classes/br/com/caixaseguradora/*.class]
19:44:21.205 [main] DEBUG org.springframework.core.io.support.PathMatchingResourcePatternResolver - Resolved location pattern [classpath*:br/com/caixaseguradora/*.class] to resources []
19:44:21.206 [main] DEBUG org.springframework.core.io.support.PathMatchingResourcePatternResolver - Resolved classpath location [br/com/] to resources [URL [file:/home/Danilo_Oliveira/Documentos/ProjetoCaixaSeg/Sinistro/Sinistro/target/test-classes/br/com/], URL [file:/home/Danilo_Oliveira/Documentos/ProjetoCaixaSeg/Sinistro/Sinistro/target/classes/br/com/]]
19:44:21.206 [main] DEBUG org.springframework.core.io.support.PathMatchingResourcePatternResolver - Looking for matching resources in directory tree [/home/Danilo_Oliveira/Documentos/ProjetoCaixaSeg/Sinistro/Sinistro/target/test-classes/br/com]
19:44:21.206 [main] DEBUG org.springframework.core.io.support.PathMatchingResourcePatternResolver - Searching directory [/home/Danilo_Oliveira/Documentos/ProjetoCaixaSeg/Sinistro/Sinistro/target/test-classes/br/com] for files matching pattern [/home/Danilo_Oliveira/Documentos/ProjetoCaixaSeg/Sinistro/Sinistro/target/test-classes/br/com/*.class]
19:44:21.207 [main] DEBUG org.springframework.core.io.support.PathMatchingResourcePatternResolver - Looking for matching resources in directory tree [/home/Danilo_Oliveira/Documentos/ProjetoCaixaSeg/Sinistro/Sinistro/target/classes/br/com]
19:44:21.207 [main] DEBUG org.springframework.core.io.support.PathMatchingResourcePatternResolver - Searching directory [/home/Danilo_Oliveira/Documentos/ProjetoCaixaSeg/Sinistro/Sinistro/target/classes/br/com] for files matching pattern [/home/Danilo_Oliveira/Documentos/ProjetoCaixaSeg/Sinistro/Sinistro/target/classes/br/com/*.class]
19:44:21.207 [main] DEBUG org.springframework.core.io.support.PathMatchingResourcePatternResolver - Resolved location pattern [classpath*:br/com/*.class] to resources []
19:44:21.208 [main] DEBUG org.springframework.core.io.support.PathMatchingResourcePatternResolver - Resolved classpath location [br/] to resources [URL [file:/home/Danilo_Oliveira/Documentos/ProjetoCaixaSeg/Sinistro/Sinistro/target/test-classes/br/], URL [file:/home/Danilo_Oliveira/Documentos/ProjetoCaixaSeg/Sinistro/Sinistro/target/classes/br/]]
19:44:21.208 [main] DEBUG org.springframework.core.io.support.PathMatchingResourcePatternResolver - Looking for matching resources in directory tree [/home/Danilo_Oliveira/Documentos/ProjetoCaixaSeg/Sinistro/Sinistro/target/test-classes/br]
19:44:21.208 [main] DEBUG org.springframework.core.io.support.PathMatchingResourcePatternResolver - Searching directory [/home/Danilo_Oliveira/Documentos/ProjetoCaixaSeg/Sinistro/Sinistro/target/test-classes/br] for files matching pattern [/home/Danilo_Oliveira/Documentos/ProjetoCaixaSeg/Sinistro/Sinistro/target/test-classes/br/*.class]
19:44:21.209 [main] DEBUG org.springframework.core.io.support.PathMatchingResourcePatternResolver - Looking for matching resources in directory tree [/home/Danilo_Oliveira/Documentos/ProjetoCaixaSeg/Sinistro/Sinistro/target/classes/br]
19:44:21.209 [main] DEBUG org.springframework.core.io.support.PathMatchingResourcePatternResolver - Searching directory [/home/Danilo_Oliveira/Documentos/ProjetoCaixaSeg/Sinistro/Sinistro/target/classes/br] for files matching pattern [/home/Danilo_Oliveira/Documentos/ProjetoCaixaSeg/Sinistro/Sinistro/target/classes/br/*.class]
19:44:21.209 [main] DEBUG org.springframework.core.io.support.PathMatchingResourcePatternResolver - Resolved location pattern [classpath*:br/*.class] to resources []
]]></system-out>
  </testcase>
</testsuite>